{"/Users/ellisona/Documents/HRSF89/FEC/relatedBusinesses/db/fakeData.js": {"path":"/Users/ellisona/Documents/HRSF89/FEC/relatedBusinesses/db/fakeData.js","statementMap":{"0":{"start":{"line":1,"column":14},"end":{"line":1,"column":30}},"1":{"start":{"line":4,"column":38},"end":{"line":31,"column":1}},"2":{"start":{"line":5,"column":24},"end":{"line":5,"column":26}},"3":{"start":{"line":6,"column":2},"end":{"line":6,"column":57}},"4":{"start":{"line":7,"column":2},"end":{"line":7,"column":50}},"5":{"start":{"line":8,"column":2},"end":{"line":8,"column":50}},"6":{"start":{"line":9,"column":2},"end":{"line":9,"column":52}},"7":{"start":{"line":10,"column":2},"end":{"line":10,"column":63}},"8":{"start":{"line":11,"column":2},"end":{"line":11,"column":68}},"9":{"start":{"line":12,"column":2},"end":{"line":12,"column":51}},"10":{"start":{"line":13,"column":2},"end":{"line":13,"column":53}},"11":{"start":{"line":14,"column":2},"end":{"line":14,"column":30}},"12":{"start":{"line":15,"column":2},"end":{"line":15,"column":63}},"13":{"start":{"line":16,"column":2},"end":{"line":18,"column":3}},"14":{"start":{"line":17,"column":4},"end":{"line":17,"column":58}},"15":{"start":{"line":19,"column":2},"end":{"line":19,"column":38}},"16":{"start":{"line":20,"column":21},"end":{"line":20,"column":50}},"17":{"start":{"line":21,"column":2},"end":{"line":29,"column":3}},"18":{"start":{"line":22,"column":4},"end":{"line":28,"column":5}},"19":{"start":{"line":23,"column":6},"end":{"line":27,"column":9}},"20":{"start":{"line":30,"column":2},"end":{"line":30,"column":23}},"21":{"start":{"line":33,"column":32},"end":{"line":40,"column":1}},"22":{"start":{"line":35,"column":28},"end":{"line":35,"column":30}},"23":{"start":{"line":36,"column":2},"end":{"line":38,"column":3}},"24":{"start":{"line":37,"column":4},"end":{"line":37,"column":60}},"25":{"start":{"line":39,"column":2},"end":{"line":39,"column":27}},"26":{"start":{"line":42,"column":30},"end":{"line":42,"column":55}},"27":{"start":{"line":43,"column":0},"end":{"line":43,"column":39}}},"fnMap":{"0":{"name":"(anonymous_0)","decl":{"start":{"line":4,"column":38},"end":{"line":4,"column":39}},"loc":{"start":{"line":4,"column":44},"end":{"line":31,"column":1}},"line":4},"1":{"name":"(anonymous_1)","decl":{"start":{"line":33,"column":32},"end":{"line":33,"column":33}},"loc":{"start":{"line":33,"column":38},"end":{"line":40,"column":1}},"line":33}},"branchMap":{"0":{"loc":{"start":{"line":21,"column":2},"end":{"line":29,"column":3}},"type":"if","locations":[{"start":{"line":21,"column":2},"end":{"line":29,"column":3}},{"start":{"line":21,"column":2},"end":{"line":29,"column":3}}],"line":21}},"s":{"0":1,"1":1,"2":5,"3":5,"4":5,"5":5,"6":5,"7":5,"8":5,"9":5,"10":5,"11":5,"12":5,"13":5,"14":13,"15":5,"16":5,"17":5,"18":0,"19":0,"20":5,"21":1,"22":1,"23":1,"24":5,"25":1,"26":1,"27":1},"f":{"0":5,"1":1},"b":{"0":[0,5]},"_coverageSchema":"332fd63041d2c1bcb487cc26dd0d5f7d97098a6c","hash":"9efebc27476c55cc4895c3c029cda0c858f33824"}
}
